<?xml version="1.0" encoding="UTF-8"?>
<testsuite xmlns:xsi="http://www.w3.org/2001/XMLSchema-instance" xsi:noNamespaceSchemaLocation="https://maven.apache.org/surefire/maven-surefire-plugin/xsd/surefire-test-report-3.0.xsd" version="3.0" name="com.epf.controller.PlanteControllerTest" time="0.054" tests="5" errors="0" skipped="0" failures="0">
  <properties>
[...]
</properties>
  <testcase name="testUpdate_ShouldCallServiceUpdate" classname="com.epf.controller.PlanteControllerTest" time="0.031"/>
  <testcase name="testGetById_ShouldReturnPlanteDTO" classname="com.epf.controller.PlanteControllerTest" time="0.0"/>
  <testcase name="testGetAll_ShouldReturnListOfPlantes" classname="com.epf.controller.PlanteControllerTest" time="0.016"/>
  <testcase name="testCreate_ShouldCallServiceSave" classname="com.epf.controller.PlanteControllerTest" time="0.0"/>
  <testcase name="testDelete_ShouldCallServiceDelete" classname="com.epf.controller.PlanteControllerTest" time="0.007"/>
</testsuite>